2023-10-15 11:15:02,457 INFO o.a.j.u.JMeterUtils: Setting Locale to en_EN
2023-10-15 11:15:02,465 INFO o.a.j.JMeter: Loading user properties from: C:\JMeter\apache-jmeter-5.5\bin\user.properties
2023-10-15 11:15:02,465 INFO o.a.j.JMeter: Loading system properties from: C:\JMeter\apache-jmeter-5.5\bin\system.properties
2023-10-15 11:15:02,469 INFO o.a.j.JMeter: Copyright (c) 1998-2022 The Apache Software Foundation
2023-10-15 11:15:02,470 INFO o.a.j.JMeter: Version 5.5
2023-10-15 11:15:02,470 INFO o.a.j.JMeter: java.version=1.8.0_381
2023-10-15 11:15:02,470 INFO o.a.j.JMeter: java.vm.name=Java HotSpot(TM) Client VM
2023-10-15 11:15:02,480 INFO o.a.j.JMeter: os.name=Windows 10
2023-10-15 11:15:02,480 INFO o.a.j.JMeter: os.arch=x86
2023-10-15 11:15:02,480 INFO o.a.j.JMeter: os.version=10.0
2023-10-15 11:15:02,480 INFO o.a.j.JMeter: file.encoding=Cp1252
2023-10-15 11:15:02,480 INFO o.a.j.JMeter: java.awt.headless=null
2023-10-15 11:15:02,480 INFO o.a.j.JMeter: Max memory     =1073741824
2023-10-15 11:15:02,480 INFO o.a.j.JMeter: Available Processors =8
2023-10-15 11:15:02,482 INFO o.a.j.JMeter: Default Locale=English (EN)
2023-10-15 11:15:02,482 INFO o.a.j.JMeter: JMeter  Locale=English (EN)
2023-10-15 11:15:02,482 INFO o.a.j.JMeter: JMeterHome=C:\JMeter\apache-jmeter-5.5
2023-10-15 11:15:02,482 INFO o.a.j.JMeter: user.dir  =C:\SEBI\_github\brinel
2023-10-15 11:15:02,482 INFO o.a.j.JMeter: PWD       =C:\SEBI\_github\brinel
2023-10-15 11:15:02,483 INFO o.a.j.JMeter: IP: 192.168.1.8 Name: EPROBUCW00F1 FullName: EPROBUCW00F1
2023-10-15 11:15:02,494 INFO o.a.j.JMeter: Loaded icon properties from org/apache/jmeter/images/icon.properties
2023-10-15 11:15:02,583 INFO o.a.j.JMeterGuiLauncher: Setting LAF to: com.github.weisj.darklaf.DarkLaf:com.github.weisj.darklaf.theme.DarculaTheme
2023-10-15 11:15:03,885 INFO o.j.r.JARSourceHTTP: Found cached repo
2023-10-15 11:15:04,022 INFO o.j.r.PluginManager: Plugins Status: [jpgc-dummy=0.4, jpgc-plugins-manager=1.10, bzm-random-csv=0.8, jmeter-core=5.5, jmeter-ftp=5.5, jmeter-http=5.5, jmeter-jdbc=5.5, jmeter-jms=5.5, jmeter-junit=5.5, jmeter-java=5.5, jmeter-ldap=5.5, jmeter-mail=5.5, jmeter-mongodb=5.5, jmeter-native=5.5, jmeter-tcp=5.5, jmeter-components=5.5]
2023-10-15 11:15:04,836 INFO o.a.j.JMeterGuiLauncher: Loading file: scraper_brinel_v4.jmx
2023-10-15 11:15:04,837 INFO o.a.j.s.FileServer: Default base='C:\SEBI\_github\brinel'
2023-10-15 11:15:04,838 INFO o.a.j.s.FileServer: Set new base='C:\SEBI\_github\brinel'
2023-10-15 11:15:04,947 INFO o.a.j.s.SaveService: Testplan (JMX) version: 2.2. Testlog (JTL) version: 2.2
2023-10-15 11:15:04,955 INFO o.a.j.s.SaveService: Using SaveService properties file encoding UTF-8
2023-10-15 11:15:04,955 INFO o.a.j.s.SaveService: Using SaveService properties version 5.0
2023-10-15 11:15:04,957 INFO o.a.j.s.SaveService: Loading file: scraper_brinel_v4.jmx
2023-10-15 11:15:05,056 INFO o.a.j.p.h.s.HTTPSamplerBase: Parser for text/html is org.apache.jmeter.protocol.http.parser.LagartoBasedHtmlParser
2023-10-15 11:15:05,056 INFO o.a.j.p.h.s.HTTPSamplerBase: Parser for application/xhtml+xml is org.apache.jmeter.protocol.http.parser.LagartoBasedHtmlParser
2023-10-15 11:15:05,056 INFO o.a.j.p.h.s.HTTPSamplerBase: Parser for application/xml is org.apache.jmeter.protocol.http.parser.LagartoBasedHtmlParser
2023-10-15 11:15:05,057 INFO o.a.j.p.h.s.HTTPSamplerBase: Parser for text/xml is org.apache.jmeter.protocol.http.parser.LagartoBasedHtmlParser
2023-10-15 11:15:05,057 INFO o.a.j.p.h.s.HTTPSamplerBase: Parser for text/vnd.wap.wml is org.apache.jmeter.protocol.http.parser.RegexpHTMLParser
2023-10-15 11:15:05,057 INFO o.a.j.p.h.s.HTTPSamplerBase: Parser for text/css is org.apache.jmeter.protocol.http.parser.CssParser
2023-10-15 11:15:05,120 INFO o.a.j.s.FileServer: Set new base='C:\SEBI\_github\brinel'
2023-10-15 11:15:05,362 INFO o.a.j.s.SampleResult: Note: Sample TimeStamps are START times
2023-10-15 11:15:05,362 INFO o.a.j.s.SampleResult: sampleresult.default.encoding is set to ISO-8859-1
2023-10-15 11:15:05,363 INFO o.a.j.s.SampleResult: sampleresult.useNanoTime=true
2023-10-15 11:15:05,363 INFO o.a.j.s.SampleResult: sampleresult.nanoThreadSleep=5000
2023-10-15 11:15:12,910 INFO o.a.j.p.h.g.a.ParseCurlCommandAction: Parsed CURL command curl -X 'POST' \
  'https://api.peviitor.ro/v1/logo/add/' \
  -H 'accept: */*' \
  -H 'Content-Type: application/json' \
  -d '[
  {
    "id": "Brinel",
    "logo": "https://www.brinel.ro/typo3temp/assets/_processed_/e/4/csm_logo_b9c1455a9c.png"
  }
]' into Request [compressed=false, url=https://api.peviitor.ro/v1/logo/add/, method=POST, headers=[(accept,*/*), (Content-Type,application/json)]]
2023-10-15 11:15:12,911 INFO o.a.j.p.h.g.a.ParseCurlCommandAction: Newly created element will be placed under current selected node  ===   PUSH data to Search Engine  ====
2023-10-15 11:15:27,322 INFO o.a.j.e.StandardJMeterEngine: Running the test!
2023-10-15 11:15:27,322 INFO o.a.j.s.SampleEvent: List of sample_variables: []
2023-10-15 11:15:27,322 INFO o.a.j.s.SampleEvent: List of sample_variables: []
2023-10-15 11:15:27,323 INFO o.a.j.e.u.CompoundVariable: Note: Function class names must contain the string: '.functions.'
2023-10-15 11:15:27,323 INFO o.a.j.e.u.CompoundVariable: Note: Function class names must not contain the string: '.gui.'
2023-10-15 11:15:27,479 INFO o.a.j.g.u.JMeterMenuBar: setRunning(true, *local*)
2023-10-15 11:15:27,604 INFO o.a.j.e.StandardJMeterEngine: Starting ThreadGroup: 1 : Thread Group
2023-10-15 11:15:27,605 INFO o.a.j.e.StandardJMeterEngine: Starting 1 threads for group Thread Group.
2023-10-15 11:15:27,605 INFO o.a.j.e.StandardJMeterEngine: Thread will continue on error
2023-10-15 11:15:27,605 INFO o.a.j.t.ThreadGroup: Starting thread group... number=1 threads=1 ramp-up=1 delayedStart=false
2023-10-15 11:15:27,609 INFO o.a.j.t.ThreadGroup: Started thread group number 1
2023-10-15 11:15:27,609 INFO o.a.j.e.StandardJMeterEngine: All thread groups have been started
2023-10-15 11:15:27,610 INFO o.a.j.t.JMeterThread: Thread started: Thread Group 1-1
2023-10-15 11:15:27,616 INFO o.a.j.p.h.s.HTTPHCAbstractImpl: Local host = EPROBUCW00F1
2023-10-15 11:15:27,620 INFO o.a.j.p.h.s.HTTPHC4Impl: HTTP request retry count = 0
2023-10-15 11:15:27,823 INFO o.a.j.p.h.s.h.LazyLayeredConnectionSocketFactory: Setting up HTTPS TrustAll Socket Factory
2023-10-15 11:15:27,824 INFO o.a.j.u.JsseSSLManager: Using default SSL protocol: TLS
2023-10-15 11:15:27,824 INFO o.a.j.u.JsseSSLManager: SSL session context: per-thread
2023-10-15 11:15:27,849 INFO o.a.j.u.SSLManager: JmeterKeyStore Location:  type JKS
2023-10-15 11:15:27,850 INFO o.a.j.u.SSLManager: KeyStore created OK
2023-10-15 11:15:27,850 WARN o.a.j.u.SSLManager: Keystore file not found, loading empty keystore
2023-10-15 11:15:32,006 INFO o.a.j.t.JMeterThread: Thread is done: Thread Group 1-1
2023-10-15 11:15:32,007 INFO o.a.j.t.JMeterThread: Thread finished: Thread Group 1-1
2023-10-15 11:15:32,010 INFO o.a.j.e.StandardJMeterEngine: Notifying test listeners of end of test
2023-10-15 11:15:32,010 INFO o.a.j.g.u.JMeterMenuBar: setRunning(false, *local*)
